<?xml version="1.0" encoding="UTF-8"?>
<!-- Generated by org.testng.reporters.JUnitXMLReporter -->
<testsuite ignored="0" hostname="DELL" failures="0" tests="6" name="Surefire test" time="0.081" errors="0" timestamp="2021-02-04T13:12:15 IST">
  <testcase classname="qaclick.Maven.AppiumTest" name="IosApps" time="0.008"/>
  <testcase classname="qaclick.Maven.AppiumTest" name="NativeAndroid" time="0.001"/>
  <testcase classname="qaclick.Maven.RESTPITest" name="DeleteTweeter" time="0.0"/>
  <testcase classname="qaclick.Maven.RESTPITest" name="PostJira" time="0.001"/>
  <testcase classname="qaclick.Maven.SeleniumTest" name="BrowserAutomation" time="0.0"/>
  <testcase classname="qaclick.Maven.SeleniumTest" name="Element" time="0.001"/>
</testsuite> <!-- Surefire test -->
