<?xml version="1.0" encoding="UTF-8"?>
<testng-results ignored="0" total="6" passed="6" failed="0" skipped="0">
  <reporter-output>
  </reporter-output>
  <suite started-at="2021-02-04T13:12:15 IST" name="Surefire suite" finished-at="2021-02-04T13:12:15 IST" duration-ms="81">
    <groups>
    </groups>
    <test started-at="2021-02-04T13:12:15 IST" name="Surefire test" finished-at="2021-02-04T13:12:15 IST" duration-ms="81">
      <class name="qaclick.Maven.RESTPITest">
        <test-method signature="DeleteTweeter()[pri:0, instance:qaclick.Maven.RESTPITest@709ba3fb]" started-at="2021-02-04T13:12:15 IST" name="DeleteTweeter" finished-at="2021-02-04T13:12:15 IST" duration-ms="0" status="PASS">
          <reporter-output>
          </reporter-output>
        </test-method> <!-- DeleteTweeter -->
        <test-method signature="PostJira()[pri:0, instance:qaclick.Maven.RESTPITest@709ba3fb]" started-at="2021-02-04T13:12:15 IST" name="PostJira" finished-at="2021-02-04T13:12:15 IST" duration-ms="1" status="PASS">
          <reporter-output>
          </reporter-output>
        </test-method> <!-- PostJira -->
      </class> <!-- qaclick.Maven.RESTPITest -->
      <class name="qaclick.Maven.AppiumTest">
        <test-method signature="IosApps()[pri:0, instance:qaclick.Maven.AppiumTest@5d20e46]" started-at="2021-02-04T13:12:15 IST" name="IosApps" finished-at="2021-02-04T13:12:15 IST" duration-ms="8" status="PASS">
          <reporter-output>
          </reporter-output>
        </test-method> <!-- IosApps -->
        <test-method signature="NativeAndroid()[pri:0, instance:qaclick.Maven.AppiumTest@5d20e46]" started-at="2021-02-04T13:12:15 IST" name="NativeAndroid" finished-at="2021-02-04T13:12:15 IST" duration-ms="1" status="PASS">
          <reporter-output>
          </reporter-output>
        </test-method> <!-- NativeAndroid -->
      </class> <!-- qaclick.Maven.AppiumTest -->
      <class name="qaclick.Maven.SeleniumTest">
        <test-method signature="BrowserAutomation()[pri:0, instance:qaclick.Maven.SeleniumTest@3d36e4cd]" started-at="2021-02-04T13:12:15 IST" name="BrowserAutomation" finished-at="2021-02-04T13:12:15 IST" duration-ms="0" status="PASS">
          <reporter-output>
          </reporter-output>
        </test-method> <!-- BrowserAutomation -->
        <test-method signature="Element()[pri:0, instance:qaclick.Maven.SeleniumTest@3d36e4cd]" started-at="2021-02-04T13:12:15 IST" name="Element" finished-at="2021-02-04T13:12:15 IST" duration-ms="1" status="PASS">
          <reporter-output>
          </reporter-output>
        </test-method> <!-- Element -->
      </class> <!-- qaclick.Maven.SeleniumTest -->
    </test> <!-- Surefire test -->
  </suite> <!-- Surefire suite -->
</testng-results>
