<?xml version="1.0" encoding="UTF-8"?>
<!-- Generated by org.testng.reporters.JUnitXMLReporter -->
<testsuite ignored="0" hostname="DELL" failures="0" tests="4" name="Test" time="0.051" errors="0" timestamp="2021-02-04T13:33:04 IST">
  <testcase classname="qaclick.Maven.AppiumTest" name="IosApps" time="0.005"/>
  <testcase classname="qaclick.Maven.AppiumTest" name="NativeAndroid" time="0.001"/>
  <testcase classname="qaclick.Maven.RESTPITest" name="DeleteTweeter" time="0.0"/>
  <testcase classname="qaclick.Maven.RESTPITest" name="PostJira" time="0.001"/>
</testsuite> <!-- Test -->
