<?xml version="1.0" encoding="UTF-8"?>
<!-- Generated by org.testng.reporters.JUnitReportReporter -->
<testsuite hostname="DELL" failures="0" tests="2" name="qaclick.Maven.SeleniumTest" time="0.001" errors="0" timestamp="2021-02-04T14:22:03 IST" skipped="0">
  <testcase classname="qaclick.Maven.SeleniumTest" name="Element" time="0.000"/>
  <system-out/>
  <testcase classname="qaclick.Maven.SeleniumTest" name="BrowserAutomation" time="0.001"/>
  <system-out/>
</testsuite> <!-- qaclick.Maven.SeleniumTest -->
